# JRE version: Java(TM) SE Runtime Environment 18.9 (11.0.14+8) (build 11.0.14+8-LTS-263)
# Java VM: Java HotSpot(TM) 64-Bit Server VM 18.9 (11.0.14+8-LTS-263, mixed mode, tiered, compressed oops, g1 gc, windows-amd64)
Heap:
 garbage-first heap   total 183296K, used 32329K [0x0000000085200000, 0x0000000100000000)
  region size 1024K, 10 young (10240K), 10 survivors (10240K)
 Metaspace       used 68907K, capacity 70822K, committed 70960K, reserved 1110016K
  class space    used 8992K, capacity 9789K, committed 9856K, reserved 1048576K
GC Heap History (10 events):
Event: 4.471 GC heap after
{Heap after GC invocations=8 (full 0):
 garbage-first heap   total 152576K, used 19582K [0x0000000085200000, 0x0000000100000000)
  region size 1024K, 9 young (9216K), 9 survivors (9216K)
 Metaspace       used 39570K, capacity 40809K, committed 41008K, reserved 1085440K
  class space    used 4898K, capacity 5390K, committed 5504K, reserved 1048576K
}
Event: 5.921 GC heap before
{Heap before GC invocations=8 (full 0):
 garbage-first heap   total 152576K, used 101502K [0x0000000085200000, 0x0000000100000000)
  region size 1024K, 89 young (91136K), 9 survivors (9216K)
 Metaspace       used 48053K, capacity 49445K, committed 49712K, reserved 1091584K
  class space    used 6116K, capacity 6676K, committed 6784K, reserved 1048576K
}
Event: 5.935 GC heap after
{Heap after GC invocations=9 (full 0):
 garbage-first heap   total 152576K, used 23501K [0x0000000085200000, 0x0000000100000000)
  region size 1024K, 10 young (10240K), 10 survivors (10240K)
 Metaspace       used 48053K, capacity 49445K, committed 49712K, reserved 1091584K
  class space    used 6116K, capacity 6676K, committed 6784K, reserved 1048576K
}
Event: 6.831 GC heap before
{Heap before GC invocations=9 (full 0):
 garbage-first heap   total 152576K, used 104397K [0x0000000085200000, 0x0000000100000000)
  region size 1024K, 89 young (91136K), 10 survivors (10240K)
 Metaspace       used 55863K, capacity 57295K, committed 57520K, reserved 1099776K
  class space    used 7263K, capacity 7860K, committed 7936K, reserved 1048576K
}
Event: 6.840 GC heap after
{Heap after GC invocations=10 (full 0):
 garbage-first heap   total 152576K, used 25259K [0x0000000085200000, 0x0000000100000000)
  region size 1024K, 6 young (6144K), 6 survivors (6144K)
 Metaspace       used 55863K, capacity 57295K, committed 57520K, reserved 1099776K
  class space    used 7263K, capacity 7860K, committed 7936K, reserved 1048576K
}
Event: 7.286 GC heap before
{Heap before GC invocations=10 (full 0):
 garbage-first heap   total 152576K, used 55979K [0x0000000085200000, 0x0000000100000000)
  region size 1024K, 37 young (37888K), 6 survivors (6144K)
 Metaspace       used 58680K, capacity 60092K, committed 60208K, reserved 1101824K
  class space    used 7639K, capacity 8237K, committed 8320K, reserved 1048576K
}
Event: 7.290 GC heap after
{Heap after GC invocations=11 (full 0):
 garbage-first heap   total 152576K, used 25671K [0x0000000085200000, 0x0000000100000000)
  region size 1024K, 7 young (7168K), 7 survivors (7168K)
 Metaspace       used 58680K, capacity 60092K, committed 60208K, reserved 1101824K
  class space    used 7639K, capacity 8237K, committed 8320K, reserved 1048576K
}
Event: 8.093 GC heap before
{Heap before GC invocations=12 (full 0):
 garbage-first heap   total 152576K, used 101447K [0x0000000085200000, 0x0000000100000000)
  region size 1024K, 81 young (82944K), 7 survivors (7168K)
 Metaspace       used 65596K, capacity 67300K, committed 67632K, reserved 1107968K
  class space    used 8526K, capacity 9227K, committed 9344K, reserved 1048576K
}
Event: 8.102 GC heap after
{Heap after GC invocations=13 (full 0):
 garbage-first heap   total 152576K, used 28660K [0x0000000085200000, 0x0000000100000000)
  region size 1024K, 6 young (6144K), 6 survivors (6144K)
 Metaspace       used 65596K, capacity 67300K, committed 67632K, reserved 1107968K
  class space    used 8526K, capacity 9227K, committed 9344K, reserved 1048576K
}
Event: 8.750 GC heap before
{Heap before GC invocations=13 (full 0):
 garbage-first heap   total 152576K, used 106484K [0x0000000085200000, 0x0000000100000000)
  region size 1024K, 82 young (83968K), 6 survivors (6144K)
 Metaspace       used 68907K, capacity 70822K, committed 70960K, reserved 1110016K
  class space    used 8992K, capacity 9789K, committed 9856K, reserved 1048576K
}

