# JRE version: Java(TM) SE Runtime Environment 18.9 (11.0.14+8) (build 11.0.14+8-LTS-263)
# Java VM: Java HotSpot(TM) 64-Bit Server VM 18.9 (11.0.14+8-LTS-263, mixed mode, tiered, compressed oops, g1 gc, windows-amd64)
Heap:
 garbage-first heap   total 183296K, used 90112K [0x0000000085200000, 0x0000000100000000)
  region size 1024K, 26 young (26624K), 3 survivors (3072K)
 Metaspace       used 40366K, capacity 41346K, committed 41648K, reserved 1087488K
  class space    used 4156K, capacity 4528K, committed 4608K, reserved 1048576K
GC Heap History (10 events):
Event: 5.743 GC heap before
{Heap before GC invocations=7 (full 0):
 garbage-first heap   total 152576K, used 94720K [0x0000000085200000, 0x0000000100000000)
  region size 1024K, 53 young (54272K), 2 survivors (2048K)
 Metaspace       used 34725K, capacity 35495K, committed 35632K, reserved 1081344K
  class space    used 3620K, capacity 3867K, committed 3968K, reserved 1048576K
}
Event: 5.748 GC heap after
{Heap after GC invocations=8 (full 0):
 garbage-first heap   total 152576K, used 42938K [0x0000000085200000, 0x0000000100000000)
  region size 1024K, 3 young (3072K), 3 survivors (3072K)
 Metaspace       used 34725K, capacity 35495K, committed 35632K, reserved 1081344K
  class space    used 3620K, capacity 3867K, committed 3968K, reserved 1048576K
}
Event: 5.946 GC heap before
{Heap before GC invocations=8 (full 0):
 garbage-first heap   total 152576K, used 87994K [0x0000000085200000, 0x0000000100000000)
  region size 1024K, 48 young (49152K), 3 survivors (3072K)
 Metaspace       used 35026K, capacity 35794K, committed 35888K, reserved 1081344K
  class space    used 3633K, capacity 3876K, committed 3968K, reserved 1048576K
}
Event: 5.950 GC heap after
{Heap after GC invocations=9 (full 0):
 garbage-first heap   total 152576K, used 43288K [0x0000000085200000, 0x0000000100000000)
  region size 1024K, 3 young (3072K), 3 survivors (3072K)
 Metaspace       used 35026K, capacity 35794K, committed 35888K, reserved 1081344K
  class space    used 3633K, capacity 3876K, committed 3968K, reserved 1048576K
}
Event: 6.717 GC heap before
{Heap before GC invocations=10 (full 0):
 garbage-first heap   total 152576K, used 102680K [0x0000000085200000, 0x0000000100000000)
  region size 1024K, 61 young (62464K), 3 survivors (3072K)
 Metaspace       used 36996K, capacity 37878K, committed 38192K, reserved 1083392K
  class space    used 3820K, capacity 4143K, committed 4224K, reserved 1048576K
}
Event: 6.725 GC heap after
{Heap after GC invocations=11 (full 0):
 garbage-first heap   total 152576K, used 47594K [0x0000000085200000, 0x0000000100000000)
  region size 1024K, 8 young (8192K), 8 survivors (8192K)
 Metaspace       used 36996K, capacity 37878K, committed 38192K, reserved 1083392K
  class space    used 3820K, capacity 4143K, committed 4224K, reserved 1048576K
}
Event: 7.316 GC heap before
{Heap before GC invocations=11 (full 0):
 garbage-first heap   total 152576K, used 108010K [0x0000000085200000, 0x0000000100000000)
  region size 1024K, 65 young (66560K), 8 survivors (8192K)
 Metaspace       used 37512K, capacity 38497K, committed 38704K, reserved 1083392K
  class space    used 3869K, capacity 4220K, committed 4224K, reserved 1048576K
}
Event: 7.332 GC heap after
{Heap after GC invocations=12 (full 0):
 garbage-first heap   total 152576K, used 66608K [0x0000000085200000, 0x0000000100000000)
  region size 1024K, 9 young (9216K), 9 survivors (9216K)
 Metaspace       used 37512K, capacity 38497K, committed 38704K, reserved 1083392K
  class space    used 3869K, capacity 4220K, committed 4224K, reserved 1048576K
}
Event: 8.202 GC heap before
{Heap before GC invocations=12 (full 0):
 garbage-first heap   total 152576K, used 112688K [0x0000000085200000, 0x0000000100000000)
  region size 1024K, 54 young (55296K), 9 survivors (9216K)
 Metaspace       used 39610K, capacity 40631K, committed 40752K, reserved 1085440K
  class space    used 4084K, capacity 4395K, committed 4480K, reserved 1048576K
}
Event: 8.211 GC heap after
{Heap after GC invocations=13 (full 0):
 garbage-first heap   total 183296K, used 67584K [0x0000000085200000, 0x0000000100000000)
  region size 1024K, 3 young (3072K), 3 survivors (3072K)
 Metaspace       used 39610K, capacity 40631K, committed 40752K, reserved 1085440K
  class space    used 4084K, capacity 4395K, committed 4480K, reserved 1048576K
}

